0 info it worked if it ends with ok
1 verbose cli [ 'node', '/usr/local/bin/npm', 'install', 'ngSanitize' ]
2 info using npm@2.6.1
3 info using node@v0.12.0
4 verbose node symlink /usr/local/bin/node
5 warn package.json node-authentication@ No description
6 warn package.json node-authentication@ No repository field.
7 warn package.json node-authentication@ No README data
8 warn package.json passport-local@0.1.6 No README data
9 silly cache add args [ 'ngSanitize', null ]
10 verbose cache add spec ngSanitize
11 silly cache add parsed spec { raw: 'ngSanitize',
11 silly cache add   scope: null,
11 silly cache add   name: 'ngSanitize',
11 silly cache add   rawSpec: '',
11 silly cache add   spec: '*',
11 silly cache add   type: 'range' }
12 verbose addNamed ngSanitize@*
13 silly addNamed semver.valid null
14 silly addNamed semver.validRange *
15 silly addNameRange { name: 'ngSanitize', range: '*', hasData: false }
16 silly mapToRegistry name ngSanitize
17 silly mapToRegistry using default registry
18 silly mapToRegistry registry https://registry.npmjs.org/
19 silly mapToRegistry uri https://registry.npmjs.org/ngSanitize
20 verbose addNameRange registry:https://registry.npmjs.org/ngSanitize not in flight; fetching
21 verbose request uri https://registry.npmjs.org/ngSanitize
22 verbose request no auth needed
23 info attempt registry request try #1 at 17:18:34
24 verbose request id 3e49bf2aec72f5c1
25 http request GET https://registry.npmjs.org/ngSanitize
26 http 404 https://registry.npmjs.org/ngSanitize
27 verbose headers { date: 'Thu, 05 Mar 2015 22:18:35 GMT',
27 verbose headers   server: 'CouchDB/1.5.0 (Erlang OTP/R16B03)',
27 verbose headers   'content-type': 'application/json',
27 verbose headers   'cache-control': 'max-age=0',
27 verbose headers   'content-length': '52',
27 verbose headers   'accept-ranges': 'bytes',
27 verbose headers   via: '1.1 varnish',
27 verbose headers   age: '0',
27 verbose headers   'x-served-by': 'cache-atl6232-ATL',
27 verbose headers   'x-cache': 'MISS',
27 verbose headers   'x-cache-hits': '0',
27 verbose headers   'x-timer': 'S1425593914.829834,VS0,VE326',
27 verbose headers   'keep-alive': 'timeout=10, max=50',
27 verbose headers   connection: 'Keep-Alive' }
28 silly get cb [ 404,
28 silly get   { date: 'Thu, 05 Mar 2015 22:18:35 GMT',
28 silly get     server: 'CouchDB/1.5.0 (Erlang OTP/R16B03)',
28 silly get     'content-type': 'application/json',
28 silly get     'cache-control': 'max-age=0',
28 silly get     'content-length': '52',
28 silly get     'accept-ranges': 'bytes',
28 silly get     via: '1.1 varnish',
28 silly get     age: '0',
28 silly get     'x-served-by': 'cache-atl6232-ATL',
28 silly get     'x-cache': 'MISS',
28 silly get     'x-cache-hits': '0',
28 silly get     'x-timer': 'S1425593914.829834,VS0,VE326',
28 silly get     'keep-alive': 'timeout=10, max=50',
28 silly get     connection: 'Keep-Alive' } ]
29 verbose stack Error: 404 Not Found: ngSanitize
29 verbose stack     at CachingRegistryClient.<anonymous> (/usr/local/lib/node_modules/npm/node_modules/npm-registry-client/lib/request.js:251:14)
29 verbose stack     at Request._callback (/usr/local/lib/node_modules/npm/node_modules/npm-registry-client/lib/request.js:178:14)
29 verbose stack     at Request.self.callback (/usr/local/lib/node_modules/npm/node_modules/request/request.js:344:22)
29 verbose stack     at Request.emit (events.js:110:17)
29 verbose stack     at Request.<anonymous> (/usr/local/lib/node_modules/npm/node_modules/request/request.js:1239:14)
29 verbose stack     at Request.emit (events.js:129:20)
29 verbose stack     at IncomingMessage.<anonymous> (/usr/local/lib/node_modules/npm/node_modules/request/request.js:1187:12)
29 verbose stack     at IncomingMessage.emit (events.js:129:20)
29 verbose stack     at _stream_readable.js:908:16
29 verbose stack     at process._tickCallback (node.js:355:11)
30 verbose statusCode 404
31 verbose pkgid ngSanitize
32 verbose cwd /Users/mmcdermott/Documents/Work/milestonesLanding
33 error Darwin 14.1.0
34 error argv "node" "/usr/local/bin/npm" "install" "ngSanitize"
35 error node v0.12.0
36 error npm  v2.6.1
37 error code E404
38 error 404 Not Found: ngSanitize
38 error 404
38 error 404 'ngSanitize' is not in the npm registry.
38 error 404 You should bug the author to publish it (or use the name yourself!)
38 error 404 It was specified as a dependency of 'node-authentication'
38 error 404
38 error 404 Note that you can also install from a
38 error 404 tarball, folder, http url, or git url.
39 verbose exit [ 1, true ]
